This is pdfTeX, Version 3.1415926-2.5-1.40.14 (TeX Live 2013/Debian) (format=pdflatex 2014.2.1)  23 APR 2014 00:04
entering extended mode
 restricted \write18 enabled.
 %&-line parsing enabled.
**latt_evap.tex
(./latt_evap.tex
LaTeX2e <2011/06/27>
Babel <3.9f> and hyphenation patterns for 78 languages loaded.
(/usr/share/texlive/texmf-dist/tex/latex/base/article.cls
Document Class: article 2007/10/19 v1.4h Standard LaTeX document class
(/usr/share/texlive/texmf-dist/tex/latex/base/size11.clo
File: size11.clo 2007/10/19 v1.4h Standard LaTeX file (size option)
)
\c@part=\count79
\c@section=\count80
\c@subsection=\count81
\c@subsubsection=\count82
\c@paragraph=\count83
\c@subparagraph=\count84
\c@figure=\count85
\c@table=\count86
\abovecaptionskip=\skip41
\belowcaptionskip=\skip42
\bibindent=\dimen102
)
(/usr/share/texlive/texmf-dist/tex/latex/etex-pkg/etex.sty
Package: etex 1998/03/26 v2.0 eTeX basic definition package (PEB)
\et@xins=\count87
)
(/usr/share/texlive/texmf-dist/tex/latex/geometry/geometry.sty
Package: geometry 2010/09/12 v5.6 Page Geometry

(/usr/share/texlive/texmf-dist/tex/latex/graphics/keyval.sty
Package: keyval 1999/03/16 v1.13 key=value parser (DPC)
\KV@toks@=\toks14
)
(/usr/share/texlive/texmf-dist/tex/generic/oberdiek/ifpdf.sty
Package: ifpdf 2011/01/30 v2.3 Provides the ifpdf switch (HO)
Package ifpdf Info: pdfTeX in PDF mode is detected.
)
(/usr/share/texlive/texmf-dist/tex/generic/oberdiek/ifvtex.sty
Package: ifvtex 2010/03/01 v1.5 Detect VTeX and its facilities (HO)
Package ifvtex Info: VTeX not detected.
)
(/usr/share/texlive/texmf-dist/tex/generic/ifxetex/ifxetex.sty
Package: ifxetex 2010/09/12 v0.6 Provides ifxetex conditional
)
\Gm@cnth=\count88
\Gm@cntv=\count89
\c@Gm@tempcnt=\count90
\Gm@bindingoffset=\dimen103
\Gm@wd@mp=\dimen104
\Gm@odd@mp=\dimen105
\Gm@even@mp=\dimen106
\Gm@layoutwidth=\dimen107
\Gm@layoutheight=\dimen108
\Gm@layouthoffset=\dimen109
\Gm@layoutvoffset=\dimen110
\Gm@dimlist=\toks15
)
(/usr/share/texlive/texmf-dist/tex/generic/babel/babel.sty
Package: babel 2013/05/16 v3.9f The Babel package

(/usr/share/texlive/texmf-dist/tex/generic/babel-greek/greek.ldf
Language: greek 2013/07/19 v1.6 Greek support for the babel system

(/usr/share/texlive/texmf-dist/tex/generic/babel/babel.def
File: babel.def 2013/05/16 v3.9f Babel common definitions
\babel@savecnt=\count91
\U@D=\dimen111
)
(/usr/share/texlive/texmf-dist/tex/latex/greek-fontenc/lgrenc.def
File: lgrenc.def 2013/07/16 v0.9 LGR Greek font encoding definitions

(/usr/share/texlive/texmf-dist/tex/latex/greek-fontenc/greek-fontenc.def
File: greek-fontenc.def 2013/07/18 v0.9.1 Common Greek font encoding definition
s
)))
(/usr/share/texlive/texmf-dist/tex/generic/babel-english/english.ldf
Language: english 2012/08/20 v3.3p English support from the babel system
\l@canadian = a dialect from \language\l@american 
\l@australian = a dialect from \language\l@british 
\l@newzealand = a dialect from \language\l@british 
))
(/usr/share/texlive/texmf-dist/tex/latex/easy/easytable.sty
Document Style `easytable' v1.0 <2001/06/13>.
(/usr/share/texlive/texmf-dist/tex/latex/easy/easy.sty
Document Style `easy' v1.1 <2001/05/31>.
Package: easy 2001/05/31 v1.1
\@easy@level=\count92
\@easy@ncol=\count93
\@easy@nrow=\count94
\@easy@cnt=\count95
\@easy@boxviii=\box26
\@easy@minxviii=\dimen112
\@easy@minyviii=\dimen113
\@easy@maxxviii=\dimen114
\@easy@maxyviii=\dimen115
\@easy@boxvii=\box27
\@easy@minxvii=\dimen116
\@easy@minyvii=\dimen117
\@easy@maxxvii=\dimen118
\@easy@maxyvii=\dimen119
\@easy@boxvi=\box28
\@easy@minxvi=\dimen120
\@easy@minyvi=\dimen121
\@easy@maxxvi=\dimen122
\@easy@maxyvi=\dimen123
\@easy@boxv=\box29
\@easy@minxv=\dimen124
\@easy@minyv=\dimen125
\@easy@maxxv=\dimen126
\@easy@maxyv=\dimen127
\@easy@boxiv=\box30
\@easy@minxiv=\dimen128
\@easy@minyiv=\dimen129
\@easy@maxxiv=\dimen130
\@easy@maxyiv=\dimen131
\@easy@boxiii=\box31
\@easy@minxiii=\dimen132
\@easy@minyiii=\dimen133
\@easy@maxxiii=\dimen134
\@easy@maxyiii=\dimen135
\@easy@boxii=\box32
\@easy@minxii=\dimen136
\@easy@minyii=\dimen137
\@easy@maxxii=\dimen138
\@easy@maxyii=\dimen139
\@easy@boxi=\box33
\@easy@minxi=\dimen140
\@easy@minyi=\dimen141
\@easy@maxxi=\dimen142
\@easy@maxyi=\dimen143
\@easy@hsizexxx=\dimen144
\@easy@vsizexxx=\dimen145
\@easy@hsizexxix=\dimen146
\@easy@vsizexxix=\dimen147
\@easy@hsizexxviii=\dimen148
\@easy@vsizexxviii=\dimen149
\@easy@hsizexxvii=\dimen150
\@easy@vsizexxvii=\dimen151
\@easy@hsizexxvi=\dimen152
\@easy@vsizexxvi=\dimen153
\@easy@hsizexxv=\dimen154
\@easy@vsizexxv=\dimen155
\@easy@hsizexxiv=\dimen156
\@easy@vsizexxiv=\dimen157
\@easy@hsizexxiii=\dimen158
\@easy@vsizexxiii=\dimen159
\@easy@hsizexxii=\dimen160
\@easy@vsizexxii=\dimen161
\@easy@hsizexxi=\dimen162
\@easy@vsizexxi=\dimen163
\@easy@hsizexx=\dimen164
\@easy@vsizexx=\dimen165
\@easy@hsizexix=\dimen166
\@easy@vsizexix=\dimen167
\@easy@hsizexviii=\dimen168
\@easy@vsizexviii=\dimen169
\@easy@hsizexvii=\dimen170
\@easy@vsizexvii=\dimen171
\@easy@hsizexvi=\dimen172
\@easy@vsizexvi=\dimen173
\@easy@hsizexv=\dimen174
\@easy@vsizexv=\dimen175
\@easy@hsizexiv=\dimen176
\@easy@vsizexiv=\dimen177
\@easy@hsizexiii=\dimen178
\@easy@vsizexiii=\dimen179
\@easy@hsizexii=\dimen180
\@easy@vsizexii=\dimen181
\@easy@hsizexi=\dimen182
\@easy@vsizexi=\dimen183
\@easy@hsizex=\dimen184
\@easy@vsizex=\dimen185
\@easy@hsizeix=\dimen186
\@easy@vsizeix=\dimen187
\@easy@hsizeviii=\dimen188
\@easy@vsizeviii=\dimen189
\@easy@hsizevii=\dimen190
\@easy@vsizevii=\dimen191
\@easy@hsizevi=\dimen192
\@easy@vsizevi=\dimen193
\@easy@hsizev=\dimen194
\@easy@vsizev=\dimen195
\@easy@hsizeiv=\dimen196
\@easy@vsizeiv=\dimen197
\@easy@hsizeiii=\dimen198
\@easy@vsizeiii=\dimen199
\@easy@hsizeii=\dimen200
\@easy@vsizeii=\dimen201
\@easy@hsizei=\dimen202
\@easy@vsizei=\dimen203
\@easy@dash@len=\dimen204
\@easy@dash@sep=\dimen205
)
Package: easytable 2001/05/31v1.1
\@tab@size@rule=\dimen206
\@tab@size@dash=\dimen207
) (/usr/share/texlive/texmf-dist/tex/latex/graphics/graphicx.sty
Package: graphicx 1999/02/16 v1.0f Enhanced LaTeX Graphics (DPC,SPQR)

(/usr/share/texlive/texmf-dist/tex/latex/graphics/graphics.sty
Package: graphics 2009/02/05 v1.0o Standard LaTeX Graphics (DPC,SPQR)

(/usr/share/texlive/texmf-dist/tex/latex/graphics/trig.sty
Package: trig 1999/03/16 v1.09 sin cos tan (DPC)
)
(/usr/share/texlive/texmf-dist/tex/latex/latexconfig/graphics.cfg
File: graphics.cfg 2010/04/23 v1.9 graphics configuration of TeX Live
)
Package graphics Info: Driver file: pdftex.def on input line 91.

(/usr/share/texlive/texmf-dist/tex/latex/pdftex-def/pdftex.def
File: pdftex.def 2011/05/27 v0.06d Graphics/color for pdfTeX

(/usr/share/texlive/texmf-dist/tex/generic/oberdiek/infwarerr.sty
Package: infwarerr 2010/04/08 v1.3 Providing info/warning/error messages (HO)
)
(/usr/share/texlive/texmf-dist/tex/generic/oberdiek/ltxcmds.sty
Package: ltxcmds 2011/11/09 v1.22 LaTeX kernel commands for general use (HO)
)
\Gread@gobject=\count96
))
\Gin@req@height=\dimen208
\Gin@req@width=\dimen209
)
(/usr/share/texlive/texmf-dist/tex/latex/adjustbox/adjustbox.sty
Package: adjustbox 2012/05/21 v1.0 Adjusting TeX boxes (trim, clip, ...)

(/usr/share/texlive/texmf-dist/tex/latex/xkeyval/xkeyval.sty
Package: xkeyval 2012/10/14 v2.6b package option processing (HA)

(/usr/share/texlive/texmf-dist/tex/generic/xkeyval/xkeyval.tex
\XKV@toks=\toks16
\XKV@tempa@toks=\toks17
\XKV@depth=\count97
File: xkeyval.tex 2012/10/14 v2.6b key=value parser (HA)
))
(/usr/share/texlive/texmf-dist/tex/latex/adjustbox/adjcalc.sty
Package: adjcalc 2012/05/16 v1.1 Provides advanced setlength with multiple back
-ends (calc, etex, pgfmath)
)
(/usr/share/texlive/texmf-dist/tex/latex/adjustbox/trimclip.sty
Package: trimclip 2012/05/16 v1.0 Trim and clip general TeX material

(/usr/share/texlive/texmf-dist/tex/latex/collectbox/collectbox.sty
Package: collectbox 2012/05/17 v0.4b Collect macro arguments as boxes
\collectedbox=\box34
)
\tc@llx=\dimen210
\tc@lly=\dimen211
\tc@urx=\dimen212
\tc@ury=\dimen213
Package trimclip Info: Using driver 'tc-pdftex.def'.

(/usr/share/texlive/texmf-dist/tex/latex/adjustbox/tc-pdftex.def
File: tc-pdftex.def 2012/05/13 v1.0 Clipping driver for pdftex
))
\adjbox@Width=\dimen214
\adjbox@Height=\dimen215
\adjbox@Depth=\dimen216
\adjbox@Totalheight=\dimen217

(/usr/share/texlive/texmf-dist/tex/latex/ifoddpage/ifoddpage.sty
Package: ifoddpage 2011/09/13 v1.0 Conditionals for odd/even page detection
\c@checkoddpage=\count98
)
(/usr/share/texlive/texmf-dist/tex/latex/varwidth/varwidth.sty
Package: varwidth 2009/03/30 ver 0.92;  Variable-width minipages
\@vwid@box=\box35
\sift@deathcycles=\count99
\@vwid@loff=\dimen218
\@vwid@roff=\dimen219
))
(/usr/share/texlive/texmf-dist/tex/latex/caption/caption.sty
Package: caption 2013/05/02 v3.3-89 Customizing captions (AR)

(/usr/share/texlive/texmf-dist/tex/latex/caption/caption3.sty
Package: caption3 2013/05/02 v1.6-88 caption3 kernel (AR)
Package caption3 Info: TeX engine: e-TeX on input line 57.
\captionmargin=\dimen220
\captionmargin@=\dimen221
\captionwidth=\dimen222
\caption@tempdima=\dimen223
\caption@indent=\dimen224
\caption@parindent=\dimen225
\caption@hangindent=\dimen226
)
\c@ContinuedFloat=\count100
)
(/usr/share/texlive/texmf-dist/tex/latex/caption/subcaption.sty
Package: subcaption 2013/02/03 v1.1-62 Sub-captions (AR)
\c@subfigure=\count101
\c@subtable=\count102
)
(/usr/share/texlive/texmf-dist/tex/latex/setspace/setspace.sty
Package: setspace 2011/12/19 v6.7a set line spacing
)
(/usr/share/texlive/texmf-dist/tex/latex/float/float.sty
Package: float 2001/11/08 v1.3d Float enhancements (AL)
\c@float@type=\count103
\float@exts=\toks18
\float@box=\box36
\@float@everytoks=\toks19
\@floatcapt=\box37
)
(/usr/share/texlive/texmf-dist/tex/latex/fancyhdr/fancyhdr.sty
\fancy@headwidth=\skip43
\f@ncyO@elh=\skip44
\f@ncyO@erh=\skip45
\f@ncyO@olh=\skip46
\f@ncyO@orh=\skip47
\f@ncyO@elf=\skip48
\f@ncyO@erf=\skip49
\f@ncyO@olf=\skip50
\f@ncyO@orf=\skip51
)
(/usr/share/texlive/texmf-dist/tex/latex/amsmath/amsmath.sty
Package: amsmath 2013/01/14 v2.14 AMS math features
\@mathmargin=\skip52

For additional information on amsmath, use the `?' option.
(/usr/share/texlive/texmf-dist/tex/latex/amsmath/amstext.sty
Package: amstext 2000/06/29 v2.01

(/usr/share/texlive/texmf-dist/tex/latex/amsmath/amsgen.sty
File: amsgen.sty 1999/11/30 v2.0
\@emptytoks=\toks20
\ex@=\dimen227
))
(/usr/share/texlive/texmf-dist/tex/latex/amsmath/amsbsy.sty
Package: amsbsy 1999/11/29 v1.2d
\pmbraise@=\dimen228
)
(/usr/share/texlive/texmf-dist/tex/latex/amsmath/amsopn.sty
Package: amsopn 1999/12/14 v2.01 operator names
)
\inf@bad=\count104
LaTeX Info: Redefining \frac on input line 210.
\uproot@=\count105
\leftroot@=\count106
LaTeX Info: Redefining \overline on input line 306.
\classnum@=\count107
\DOTSCASE@=\count108
LaTeX Info: Redefining \ldots on input line 378.
LaTeX Info: Redefining \dots on input line 381.
LaTeX Info: Redefining \cdots on input line 466.
\Mathstrutbox@=\box38
\strutbox@=\box39
\big@size=\dimen229
LaTeX Font Info:    Redeclaring font encoding OML on input line 566.
LaTeX Font Info:    Redeclaring font encoding OMS on input line 567.
\macc@depth=\count109
\c@MaxMatrixCols=\count110
\dotsspace@=\muskip10
\c@parentequation=\count111
\dspbrk@lvl=\count112
\tag@help=\toks21
\row@=\count113
\column@=\count114
\maxfields@=\count115
\andhelp@=\toks22
\eqnshift@=\dimen230
\alignsep@=\dimen231
\tagshift@=\dimen232
\tagwidth@=\dimen233
Normal \dimen register pool exhausted, switching to extended pool.
\totwidth@=\dimen256
\lineht@=\dimen257
\@envbody=\toks23
\multlinegap=\skip53
\multlinetaggap=\skip54
\mathdisplay@stack=\toks24
LaTeX Info: Redefining \[ on input line 2665.
LaTeX Info: Redefining \] on input line 2666.
)
(/usr/share/texlive/texmf-dist/tex/latex/amsfonts/amssymb.sty
Package: amssymb 2013/01/14 v3.01 AMS font symbols

(/usr/share/texlive/texmf-dist/tex/latex/amsfonts/amsfonts.sty
Package: amsfonts 2013/01/14 v3.01 Basic AMSFonts support
\symAMSa=\mathgroup4
\symAMSb=\mathgroup5
LaTeX Font Info:    Overwriting math alphabet `\mathfrak' in version `bold'
(Font)                  U/euf/m/n --> U/euf/b/n on input line 106.
))
(/usr/share/texlive/texmf-dist/tex/latex/tools/bm.sty
Package: bm 2004/02/26 v1.1c Bold Symbol Support (DPC/FMi)
\symboldoperators=\mathgroup6
\symboldletters=\mathgroup7
\symboldsymbols=\mathgroup8
LaTeX Font Info:    Redeclaring math alphabet \mathbf on input line 138.
LaTeX Info: Redefining \bm on input line 204.
)
(/usr/share/texlive/texmf-dist/tex/latex/bbold/bbold.sty
Package: bbold 1994/04/06 Bbold symbol package
LaTeX Font Info:    Redeclaring math alphabet \mathbb on input line 42.
)
(/usr/share/texlive/texmf-dist/tex/latex/parskip/parskip.sty
Package: parskip 2001/04/09 non-zero parskip adjustments
)

LaTeX Warning: Unused global option(s):
    [letter].

(./latt_evap.aux)
\openout1 = `latt_evap.aux'.

LaTeX Font Info:    Checking defaults for OML/cmm/m/it on input line 79.
LaTeX Font Info:    ... okay on input line 79.
LaTeX Font Info:    Checking defaults for T1/cmr/m/n on input line 79.
LaTeX Font Info:    ... okay on input line 79.
LaTeX Font Info:    Checking defaults for OT1/cmr/m/n on input line 79.
LaTeX Font Info:    ... okay on input line 79.
LaTeX Font Info:    Checking defaults for OMS/cmsy/m/n on input line 79.
LaTeX Font Info:    ... okay on input line 79.
LaTeX Font Info:    Checking defaults for OMX/cmex/m/n on input line 79.
LaTeX Font Info:    ... okay on input line 79.
LaTeX Font Info:    Checking defaults for U/cmr/m/n on input line 79.
LaTeX Font Info:    ... okay on input line 79.
LaTeX Font Info:    Checking defaults for LGR/cmr/m/n on input line 79.
LaTeX Font Info:    Try loading font information for LGR+cmr on input line 79.

(/usr/share/texlive/texmf-dist/tex/generic/babel-greek/lgrcmr.fd
File: lgrcmr.fd 2008/06/17 v2.3 Greek Computer Modern
)
LaTeX Font Info:    ... okay on input line 79.

*geometry* driver: auto-detecting
*geometry* detected driver: pdftex
*geometry* verbose mode - [ preamble ] result:
* driver: pdftex
* paper: <default>
* layout: <same size as paper>
* layoutoffset:(h,v)=(0.0pt,0.0pt)
* modes: 
* h-part:(L,W,R)=(61.42993pt, 491.43513pt, 61.42993pt)
* v-part:(T,H,B)=(46.97505pt, 682.95238pt, 65.04256pt)
* \paperwidth=614.295pt
* \paperheight=794.96999pt
* \textwidth=491.43513pt
* \textheight=682.95238pt
* \oddsidemargin=-10.84006pt
* \evensidemargin=-10.84006pt
* \topmargin=-62.29494pt
* \headheight=12.0pt
* \headsep=25.0pt
* \topskip=11.0pt
* \footskip=30.0pt
* \marginparwidth=59.0pt
* \marginparsep=10.0pt
* \columnsep=10.0pt
* \skip\footins=10.0pt plus 4.0pt minus 2.0pt
* \hoffset=0.0pt
* \voffset=0.0pt
* \mag=1000
* \@twocolumnfalse
* \@twosidefalse
* \@mparswitchfalse
* \@reversemarginfalse
* (1in=72.27pt=25.4mm, 1cm=28.453pt)

(/usr/share/texlive/texmf-dist/tex/context/base/supp-pdf.mkii
[Loading MPS to PDF converter (version 2006.09.02).]
\scratchcounter=\count116
\scratchdimen=\dimen258
\scratchbox=\box40
\nofMPsegments=\count117
\nofMParguments=\count118
\everyMPshowfont=\toks25
\MPscratchCnt=\count119
\MPscratchDim=\dimen259
\MPnumerator=\count120
\makeMPintoPDFobject=\count121
\everyMPtoPDFconversion=\toks26
) (/usr/share/texlive/texmf-dist/tex/generic/oberdiek/pdftexcmds.sty
Package: pdftexcmds 2011/11/29 v0.20 Utility functions of pdfTeX for LuaTeX (HO
)

(/usr/share/texlive/texmf-dist/tex/generic/oberdiek/ifluatex.sty
Package: ifluatex 2010/03/01 v1.3 Provides the ifluatex switch (HO)
Package ifluatex Info: LuaTeX not detected.
)
Package pdftexcmds Info: LuaTeX not detected.
Package pdftexcmds Info: \pdf@primitive is available.
Package pdftexcmds Info: \pdf@ifprimitive is available.
Package pdftexcmds Info: \pdfdraftmode found.
)
(/usr/share/texlive/texmf-dist/tex/latex/oberdiek/epstopdf-base.sty
Package: epstopdf-base 2010/02/09 v2.5 Base part for package epstopdf

(/usr/share/texlive/texmf-dist/tex/latex/oberdiek/grfext.sty
Package: grfext 2010/08/19 v1.1 Manage graphics extensions (HO)

(/usr/share/texlive/texmf-dist/tex/generic/oberdiek/kvdefinekeys.sty
Package: kvdefinekeys 2011/04/07 v1.3 Define keys (HO)
))
(/usr/share/texlive/texmf-dist/tex/latex/oberdiek/kvoptions.sty
Package: kvoptions 2011/06/30 v3.11 Key value format for package options (HO)

(/usr/share/texlive/texmf-dist/tex/generic/oberdiek/kvsetkeys.sty
Package: kvsetkeys 2012/04/25 v1.16 Key value parser (HO)

(/usr/share/texlive/texmf-dist/tex/generic/oberdiek/etexcmds.sty
Package: etexcmds 2011/02/16 v1.5 Avoid name clashes with e-TeX commands (HO)
Package etexcmds Info: Could not find \expanded.
(etexcmds)             That can mean that you are not using pdfTeX 1.50 or
(etexcmds)             that some package has redefined \expanded.
(etexcmds)             In the latter case, load this package earlier.
)))
Package grfext Info: Graphics extension search list:
(grfext)             [.png,.pdf,.jpg,.mps,.jpeg,.jbig2,.jb2,.PNG,.PDF,.JPG,.JPE
G,.JBIG2,.JB2,.eps]
(grfext)             \AppendGraphicsExtensions on input line 452.

(/usr/share/texlive/texmf-dist/tex/latex/latexconfig/epstopdf-sys.cfg
File: epstopdf-sys.cfg 2010/07/13 v1.3 Configuration of (r)epstopdf for TeX Liv
e
))
Package caption Info: Begin \AtBeginDocument code.
Package caption Info: float package is loaded.
Package caption Info: End \AtBeginDocument code.

<figures/compensated_lattice_simple_schematic.png, id=1, 902.09964pt x 340.5192
4pt>
File: figures/compensated_lattice_simple_schematic.png Graphic file (type png)
 <use figures/compensated_lattice_simple_schematic.png>
Package pdftex.def Info: figures/compensated_lattice_simple_schematic.png used 
on input line 96.
(pdftex.def)             Requested size: 393.1496pt x 148.40005pt.
LaTeX Font Info:    Try loading font information for U+msa on input line 101.

(/usr/share/texlive/texmf-dist/tex/latex/amsfonts/umsa.fd
File: umsa.fd 2013/01/14 v3.01 AMS symbols A
)
LaTeX Font Info:    Try loading font information for U+msb on input line 101.

(/usr/share/texlive/texmf-dist/tex/latex/amsfonts/umsb.fd
File: umsb.fd 2013/01/14 v3.01 AMS symbols B
) [1{/var/lib/texmf/fonts/map/pdftex/updmap/pdftex.map}

 <./figures/compensated_lattice_simple_schematic.png>] <figures/lattice_general
.png, id=18, 469.755pt x 209.583pt>
File: figures/lattice_general.png Graphic file (type png)

<use figures/lattice_general.png>
Package pdftex.def Info: figures/lattice_general.png used on input line 195.
(pdftex.def)             Requested size: 393.1496pt x 175.40572pt.
 [2]
<figures/lattice_tunneling.png, id=28, 274.626pt x 209.583pt>
File: figures/lattice_tunneling.png Graphic file (type png)

<use figures/lattice_tunneling.png>
Package pdftex.def Info: figures/lattice_tunneling.png used on input line 264.
(pdftex.def)             Requested size: 235.88676pt x 180.0172pt.

<figures/lattice_lock.png, id=29, 274.626pt x 209.583pt>
File: figures/lattice_lock.png Graphic file (type png)

<use figures/lattice_lock.png>
Package pdftex.def Info: figures/lattice_lock.png used on input line 272.
(pdftex.def)             Requested size: 235.88676pt x 180.0172pt.
 [3 <./figures/lattice_general.png>]
LaTeX Font Info:    Try loading font information for OMS+cmr on input line 447.


(/usr/share/texlive/texmf-dist/tex/latex/base/omscmr.fd
File: omscmr.fd 1999/05/25 v2.5h Standard LaTeX font definitions
)
LaTeX Font Info:    Font shape `OMS/cmr/m/n' in size <10.95> not available
(Font)              Font shape `OMS/cmsy/m/n' tried instead on input line 447.
 [4 <./figures/lattice_tunneling.png> <./figures/lattice_lock.png>]
<figures/lattice_general-comp.png, id=40, 578.16pt x 209.583pt>
File: figures/lattice_general-comp.png Graphic file (type png)

<use figures/lattice_general-comp.png>
Package pdftex.def Info: figures/lattice_general-comp.png used on input line 51
2.
(pdftex.def)             Requested size: 491.43513pt x 178.14317pt.

<figures/alpha-evap-optimal.png, id=41, 303.534pt x 187.902pt>
File: figures/alpha-evap-optimal.png Graphic file (type png)

<use figures/alpha-evap-optimal.png>
Package pdftex.def Info: figures/alpha-evap-optimal.png used on input line 552.

(pdftex.def)             Requested size: 344.00308pt x 212.95468pt.
 [5] [6 <./figures/lattice_general-comp.png>] [7 <./figures/alpha-evap-optimal.
png>] [8]
<figures_hubbard-lda/harmonic.png, id=58, 433.62pt x 303.534pt>
File: figures_hubbard-lda/harmonic.png Graphic file (type png)

<use figures_hubbard-lda/harmonic.png>
Package pdftex.def Info: figures_hubbard-lda/harmonic.png used on input line 76
5.
(pdftex.def)             Requested size: 368.57634pt x 258.01437pt.
 [9 <./figures_hubbard-lda/harmonic.png>] <figures/bands1d_V0_firstquant.png, i
d=63, 234.1548pt x 195.129pt>
File: figures/bands1d_V0_firstquant.png Graphic file (type png)

<use figures/bands1d_V0_firstquant.png>
Package pdftex.def Info: figures/bands1d_V0_firstquant.png used on input line 8
28.
(pdftex.def)             Requested size: 196.57104pt x 163.8179pt.

<figures/bands1d_V0_secondquant.png, id=64, 233.97412pt x 195.129pt>
File: figures/bands1d_V0_secondquant.png Graphic file (type png)

<use figures/bands1d_V0_secondquant.png>
Package pdftex.def Info: figures/bands1d_V0_secondquant.png used on input line 
838.
(pdftex.def)             Requested size: 196.57104pt x 163.937pt.

<figures/Ut_eigenvalues_2site.png, id=65, 578.16pt x 289.08pt>
File: figures/Ut_eigenvalues_2site.png Graphic file (type png)

<use figures/Ut_eigenvalues_2site.png>
Package pdftex.def Info: figures/Ut_eigenvalues_2site.png used on input line 86
4.
(pdftex.def)             Requested size: 393.1496pt x 196.5718pt.
 [10] [11 <./figures/bands1d_V0_firstquant.png> <./figures/bands1d_V0_secondqua
nt.png> <./figures/Ut_eigenvalues_2site.png>] [12] <figures/paiva_entropy.png, 
id=78, 908.39375pt x 1034.86626pt>
File: figures/paiva_entropy.png Graphic file (type png)

<use figures/paiva_entropy.png>
Package pdftex.def Info: figures/paiva_entropy.png used on input line 1008.
(pdftex.def)             Requested size: 235.88676pt x 268.72726pt.

<figures/fuchs_entropy.png, id=79, 657.45625pt x 765.86125pt>
File: figures/fuchs_entropy.png Graphic file (type png)

<use figures/fuchs_entropy.png>
Package pdftex.def Info: figures/fuchs_entropy.png used on input line 1015.
(pdftex.def)             Requested size: 235.88676pt x 274.77495pt.
 [13]
<figures/HTSE_density_U.png, id=84, 404.3105pt x 158.994pt>
File: figures/HTSE_density_U.png Graphic file (type png)

<use figures/HTSE_density_U.png>
Package pdftex.def Info: figures/HTSE_density_U.png used on input line 1063.
(pdftex.def)             Requested size: 240.80591pt x 94.69843pt.

<figures/HTSE_doublons_U.png, id=85, 404.3105pt x 158.994pt>
File: figures/HTSE_doublons_U.png Graphic file (type png)

<use figures/HTSE_doublons_U.png>
Package pdftex.def Info: figures/HTSE_doublons_U.png used on input line 1071.
(pdftex.def)             Requested size: 240.80591pt x 94.69843pt.

<figures/HTSE_densfluc_U.png, id=86, 404.3105pt x 158.994pt>
File: figures/HTSE_densfluc_U.png Graphic file (type png)

<use figures/HTSE_densfluc_U.png>
Package pdftex.def Info: figures/HTSE_densfluc_U.png used on input line 1077.
(pdftex.def)             Requested size: 240.80591pt x 94.69843pt.

<figures/HTSE_entropy_U.png, id=87, 404.3105pt x 158.994pt>
File: figures/HTSE_entropy_U.png Graphic file (type png)

<use figures/HTSE_entropy_U.png>
Package pdftex.def Info: figures/HTSE_entropy_U.png used on input line 1083.
(pdftex.def)             Requested size: 240.80591pt x 94.69843pt.

<figures/HTSE_EntropyPerSite_U.png, id=88, 491.436pt x 187.902pt>
File: figures/HTSE_EntropyPerSite_U.png Graphic file (type png)

<use figures/HTSE_EntropyPerSite_U.png>
Package pdftex.def Info: figures/HTSE_EntropyPerSite_U.png used on input line 1
096.
(pdftex.def)             Requested size: 319.42982pt x 122.14058pt.

<figures/HTSE_EntropyPerParticle_U.png, id=89, 491.436pt x 187.902pt>
File: figures/HTSE_EntropyPerParticle_U.png Graphic file (type png)

<use figures/HTSE_EntropyPerParticle_U.png>
Package pdftex.def Info: figures/HTSE_EntropyPerParticle_U.png used on input li
ne 1106.
(pdftex.def)             Requested size: 319.42982pt x 122.14058pt.
 [14 <./figures/paiva_entropy.png (PNG copy)> <./figures/fuchs_entropy.png (PNG
 copy)>] [15 <./figures/HTSE_density_U.png> <./figures/HTSE_doublons_U.png> <./
figures/HTSE_densfluc_U.png> <./figures/HTSE_entropy_U.png> <./figures/HTSE_Ent
ropyPerSite_U.png> <./figures/HTSE_EntropyPerParticle_U.png>]
<figures_hubbard-lda/etaF-wIRwGR.png, id=102, 578.16pt x 469.755pt>
File: figures_hubbard-lda/etaF-wIRwGR.png Graphic file (type png)

<use figures_hubbard-lda/etaF-wIRwGR.png>
Package pdftex.def Info: figures_hubbard-lda/etaF-wIRwGR.png used on input line
 1178.
(pdftex.def)             Requested size: 319.42982pt x 259.53441pt.

<figures_hubbard-lda/etaF-wIRwGR_cold.png, id=103, 578.16pt x 469.755pt>
File: figures_hubbard-lda/etaF-wIRwGR_cold.png Graphic file (type png)

<use figures_hubbard-lda/etaF-wIRwGR_cold.png>
Package pdftex.def Info: figures_hubbard-lda/etaF-wIRwGR_cold.png used on input
 line 1188.
(pdftex.def)             Requested size: 319.42982pt x 259.53441pt.
 [16] [17 <./figures_hubbard-lda/etaF-wIRwGR.png> <./figures_hubbard-lda/etaF-w
IRwGR_cold.png>]
<figures_hubbard-lda/etaF-HWHM-ratio.png, id=112, 289.08pt x 234.8775pt>
File: figures_hubbard-lda/etaF-HWHM-ratio.png Graphic file (type png)

<use figures_hubbard-lda/etaF-HWHM-ratio.png>
Package pdftex.def Info: figures_hubbard-lda/etaF-HWHM-ratio.png used on input 
line 1269.
(pdftex.def)             Requested size: 196.57104pt x 159.71458pt.
 [18]
<figures_hubbard-lda/etaF-wIRwGR_r032.png, id=116, 578.16pt x 469.755pt>
File: figures_hubbard-lda/etaF-wIRwGR_r032.png Graphic file (type png)

<use figures_hubbard-lda/etaF-wIRwGR_r032.png>
Package pdftex.def Info: figures_hubbard-lda/etaF-wIRwGR_r032.png used on input
 line 1316.
(pdftex.def)             Requested size: 319.42982pt x 259.53441pt.
 [19 <./figures_hubbard-lda/etaF-HWHM-ratio.png>] <figures_hubbard-lda/000.png,
 id=122, 433.62pt x 303.534pt>
File: figures_hubbard-lda/000.png Graphic file (type png)

<use figures_hubbard-lda/000.png>
Package pdftex.def Info: figures_hubbard-lda/000.png used on input line 1361.
(pdftex.def)             Requested size: 206.40186pt x 144.48119pt.

<figures_hubbard-lda/001.png, id=123, 433.62pt x 303.534pt>
File: figures_hubbard-lda/001.png Graphic file (type png)

<use figures_hubbard-lda/001.png>
Package pdftex.def Info: figures_hubbard-lda/001.png used on input line 1368.
(pdftex.def)             Requested size: 206.40186pt x 144.48119pt.
 [20 <./figures_hubbard-lda/etaF-wIRwGR_r032.png>] <figures_hubbard-lda/002.png
, id=128, 433.62pt x 303.534pt>
File: figures_hubbard-lda/002.png Graphic file (type png)

<use figures_hubbard-lda/002.png>
Package pdftex.def Info: figures_hubbard-lda/002.png used on input line 1386.
(pdftex.def)             Requested size: 206.40186pt x 144.48119pt.

<figures_hubbard-lda/003.png, id=129, 433.62pt x 303.534pt>
File: figures_hubbard-lda/003.png Graphic file (type png)

<use figures_hubbard-lda/003.png>
Package pdftex.def Info: figures_hubbard-lda/003.png used on input line 1393.
(pdftex.def)             Requested size: 206.40186pt x 144.48119pt.

<figures_hubbard-lda/005.png, id=130, 433.62pt x 303.534pt>
File: figures_hubbard-lda/005.png Graphic file (type png)

<use figures_hubbard-lda/005.png>
Package pdftex.def Info: figures_hubbard-lda/005.png used on input line 1410.
(pdftex.def)             Requested size: 206.40186pt x 144.48119pt.
 [21 <./figures_hubbard-lda/000.png> <./figures_hubbard-lda/001.png> <./figures
_hubbard-lda/002.png> <./figures_hubbard-lda/003.png>] <figures_hubbard-lda/006
.png, id=138, 433.62pt x 303.534pt>
File: figures_hubbard-lda/006.png Graphic file (type png)

<use figures_hubbard-lda/006.png>
Package pdftex.def Info: figures_hubbard-lda/006.png used on input line 1428.
(pdftex.def)             Requested size: 206.40186pt x 144.48119pt.

<figures_hubbard-lda/007.png, id=139, 433.62pt x 303.534pt>
File: figures_hubbard-lda/007.png Graphic file (type png)

<use figures_hubbard-lda/007.png>
Package pdftex.def Info: figures_hubbard-lda/007.png used on input line 1435.
(pdftex.def)             Requested size: 206.40186pt x 144.48119pt.

<figures_hubbard-lda/008.png, id=140, 433.62pt x 303.534pt>
File: figures_hubbard-lda/008.png Graphic file (type png)

<use figures_hubbard-lda/008.png>
Package pdftex.def Info: figures_hubbard-lda/008.png used on input line 1441.
(pdftex.def)             Requested size: 206.40186pt x 144.48119pt.
 [22 <./figures_hubbard-lda/005.png> <./figures_hubbard-lda/006.png> <./figures
_hubbard-lda/007.png> <./figures_hubbard-lda/008.png>] <figures_hubbard-lda/def
ault.png, id=148, 433.62pt x 303.534pt>
File: figures_hubbard-lda/default.png Graphic file (type png)

<use figures_hubbard-lda/default.png>
Package pdftex.def Info: figures_hubbard-lda/default.png used on input line 145
3.
(pdftex.def)             Requested size: 491.43513pt x 344.02225pt.

<figures/7Er_red-detuned_no-comp.png, id=149, 433.62pt x 361.35pt>
File: figures/7Er_red-detuned_no-comp.png Graphic file (type png)

<use figures/7Er_red-detuned_no-comp.png>
Package pdftex.def Info: figures/7Er_red-detuned_no-comp.png used on input line
 1480.
(pdftex.def)             Requested size: 235.88676pt x 196.5762pt.

<figures/ir47-gr40_7Er-comp3p642.png, id=150, 433.62pt x 361.35pt>
File: figures/ir47-gr40_7Er-comp3p642.png Graphic file (type png)

<use figures/ir47-gr40_7Er-comp3p642.png>
Package pdftex.def Info: figures/ir47-gr40_7Er-comp3p642.png used on input line
 1490.
(pdftex.def)             Requested size: 235.88676pt x 196.5762pt.
 [23 <./figures_hubbard-lda/default.png>] [24 <./figures/7Er_red-detuned_no-com
p.png> <./figures/ir47-gr40_7Er-comp3p642.png>] <figures/HTSE_compare-thermo.pn
g, id=160, 433.62pt x 303.534pt>
File: figures/HTSE_compare-thermo.png Graphic file (type png)

<use figures/HTSE_compare-thermo.png>
Package pdftex.def Info: figures/HTSE_compare-thermo.png used on input line 154
5.
(pdftex.def)             Requested size: 319.42982pt x 223.61122pt.
 [25 <./figures/HTSE_compare-thermo.png>]
<figures/ir47-gr40_7Er-comp0p0.png, id=166, 433.62pt x 361.35pt>
File: figures/ir47-gr40_7Er-comp0p0.png Graphic file (type png)

<use figures/ir47-gr40_7Er-comp0p0.png>
Package pdftex.def Info: figures/ir47-gr40_7Er-comp0p0.png used on input line 1
613.
(pdftex.def)             Requested size: 157.26283pt x 131.0508pt.

<figures/ir47-gr40_7Er-comp3p05.png, id=167, 433.62pt x 361.35pt>
File: figures/ir47-gr40_7Er-comp3p05.png Graphic file (type png)

<use figures/ir47-gr40_7Er-comp3p05.png>
Package pdftex.def Info: figures/ir47-gr40_7Er-comp3p05.png used on input line 
1620.
(pdftex.def)             Requested size: 157.26283pt x 131.0508pt.

<figures/enlarging_mott_state.png, id=168, 216.81pt x 158.994pt>
File: figures/enlarging_mott_state.png Graphic file (type png)

<use figures/enlarging_mott_state.png>
Package pdftex.def Info: figures/enlarging_mott_state.png used on input line 16
26.
(pdftex.def)             Requested size: 157.26283pt x 115.33199pt.
 [26 <./figures/ir47-gr40_7Er-comp0p0.png> <./figures/ir47-gr40_7Er-comp3p05.pn
g> <./figures/enlarging_mott_state.png>]
<figures/etaF-no-comp_vary-wIR.png, id=175, 433.62pt x 187.902pt>
File: figures/etaF-no-comp_vary-wIR.png Graphic file (type png)

<use figures/etaF-no-comp_vary-wIR.png>
Package pdftex.def Info: figures/etaF-no-comp_vary-wIR.png used on input line 1
706.
(pdftex.def)             Requested size: 393.1496pt x 170.37463pt.
 [27]
<figures/etaF-wIRwGR.png, id=179, 794.97pt x 216.81pt>
File: figures/etaF-wIRwGR.png Graphic file (type png)

<use figures/etaF-wIRwGR.png>
Package pdftex.def Info: figures/etaF-wIRwGR.png used on input line 1760.
(pdftex.def)             Requested size: 491.43513pt x 134.03043pt.
 [28 <./figures/etaF-no-comp_vary-wIR.png>]
<figures/etaF-wIRwGR-lines.png, id=184, 794.97pt x 216.81pt>
File: figures/etaF-wIRwGR-lines.png Graphic file (type png)

<use figures/etaF-wIRwGR-lines.png>
Package pdftex.def Info: figures/etaF-wIRwGR-lines.png used on input line 1790.

(pdftex.def)             Requested size: 491.43513pt x 134.03043pt.

<figures/etaF-wIR=wGR.png, id=185, 794.97pt x 216.81pt>
File: figures/etaF-wIR=wGR.png Graphic file (type png)

<use figures/etaF-wIR=wGR.png>
Package pdftex.def Info: figures/etaF-wIR=wGR.png used on input line 1807.
(pdftex.def)             Requested size: 491.43513pt x 134.03043pt.

<figures/green-power-wIR=wGR.png, id=186, 505.89pt x 216.81pt>
File: figures/green-power-wIR=wGR.png Graphic file (type png)

<use figures/green-power-wIR=wGR.png>
Package pdftex.def Info: figures/green-power-wIR=wGR.png used on input line 183
6.
(pdftex.def)             Requested size: 344.00308pt x 147.43214pt.
 [29 <./figures/etaF-wIRwGR.png> <./figures/etaF-wIRwGR-lines.png>]
File: figures/ir47-gr40_7Er-comp3p642.png Graphic file (type png)
 <use figures/ir47-gr40_7Er-comp3p642.png>
Package pdftex.def Info: figures/ir47-gr40_7Er-comp3p642.png used on input line
 1862.
(pdftex.def)             Requested size: 221.1443pt x 184.28606pt.

<figures/ir65-gr65_7Er-comp4p08.png, id=192, 433.62pt x 361.35pt>
File: figures/ir65-gr65_7Er-comp4p08.png Graphic file (type png)

<use figures/ir65-gr65_7Er-comp4p08.png>
Package pdftex.def Info: figures/ir65-gr65_7Er-comp4p08.png used on input line 
1869.
(pdftex.def)             Requested size: 221.1443pt x 184.28606pt.
 [30 <./figures/etaF-wIR=wGR.png> <./figures/green-power-wIR=wGR.png>] [31 <./f
igures/ir65-gr65_7Er-comp4p08.png>]
(./latt_evap.bbl
Missing character: There is no â in font cmr10!
Missing character: There is no € in font cmr10!
Missing character: There is no ™ in font cmr10!
) [32] (./latt_evap.aux) ) 
Here is how much of TeX's memory you used:
 6825 strings out of 493307
 106609 string characters out of 6139906
 170394 words of memory out of 5000000
 10074 multiletter control sequences out of 15000+600000
 19190 words of font info for 71 fonts, out of 8000000 for 9000
 957 hyphenation exceptions out of 8191
 53i,11n,92p,977b,574s stack positions out of 5000i,500n,10000p,200000b,80000s
</usr/share/texlive/texmf-dist/fonts/type1/public/ams
fonts/cm/cmbx10.pfb></usr/share/texlive/texmf-dist/fonts/type1/public/amsfonts/
cm/cmbx12.pfb></usr/share/texlive/texmf-dist/fonts/type1/public/amsfonts/cm/cme
x10.pfb></usr/share/texlive/texmf-dist/fonts/type1/public/amsfonts/cm/cmmi10.pf
b></usr/share/texlive/texmf-dist/fonts/type1/public/amsfonts/cm/cmmi6.pfb></usr
/share/texlive/texmf-dist/fonts/type1/public/amsfonts/cm/cmmi7.pfb></usr/share/
texlive/texmf-dist/fonts/type1/public/amsfonts/cm/cmmi8.pfb></usr/share/texlive
/texmf-dist/fonts/type1/public/amsfonts/cm/cmmi9.pfb></usr/share/texlive/texmf-
dist/fonts/type1/public/amsfonts/cm/cmr10.pfb></usr/share/texlive/texmf-dist/fo
nts/type1/public/amsfonts/cm/cmr6.pfb></usr/share/texlive/texmf-dist/fonts/type
1/public/amsfonts/cm/cmr8.pfb></usr/share/texlive/texmf-dist/fonts/type1/public
/amsfonts/cm/cmr9.pfb></usr/share/texlive/texmf-dist/fonts/type1/public/amsfont
s/cm/cmsy10.pfb></usr/share/texlive/texmf-dist/fonts/type1/public/amsfonts/cm/c
msy8.pfb></usr/share/texlive/texmf-dist/fonts/type1/public/amsfonts/cm/cmsy9.pf
b></usr/share/texlive/texmf-dist/fonts/type1/public/amsfonts/symbols/msam10.pfb
></usr/share/texlive/texmf-dist/fonts/type1/public/amsfonts/symbols/msbm10.pfb>

Output written on latt_evap.pdf (32 pages, 8236262 bytes).
PDF statistics:
 261 PDF objects out of 1000 (max. 8388607)
 124 compressed objects within 2 object streams
 0 named destinations out of 1000 (max. 500000)
 216 words of extra memory for PDF output out of 10000 (max. 10000000)

